[0.032s] Invoking command in '/home/asd/temp_git_repo/Mobile_Arduino_Serial_sensor_ros2_wraper/build/sensor_type_interface': CMAKE_PREFIX_PATH=${CMAKE_PREFIX_PATH}:/home/asd/ros2_ws_goat2/install/multi_robo_simulator:/home/asd/ros2_ws_goat2/install/micro_ros_server:/home/asd/ros2_ws_goat2/install/Qr_action:/home/asd/ros2_ws9/install/my_goat_pkg:/home/asd/ros2_ws7/install/my_py_pkg_anscer:/home/asd/ros2_ws4/install/esp_wifi:/home/asd/ros2_ws4/install/maping_odom:/home/asd/ros2_ws/install/turtlesim_catch_them_all:/home/asd/ros2_ws/install/my_py_pkg:/opt/ros/humble /usr/bin/cmake --build /home/asd/temp_git_repo/Mobile_Arduino_Serial_sensor_ros2_wraper/build/sensor_type_interface -- -j8 -l8
[0.155s] [  9%] Built target sensor_type_interface__rosidl_generator_c
[0.156s] [ 12%] Built target sensor_type_interface__cpp
[0.186s] [ 12%] Built target ament_cmake_python_copy_sensor_type_interface
[0.223s] [ 22%] Built target sensor_type_interface__rosidl_typesupport_introspection_c
[0.224s] [ 32%] Built target sensor_type_interface__rosidl_typesupport_c
[0.233s] [ 41%] Built target sensor_type_interface__rosidl_typesupport_fastrtps_c
[0.239s] [ 61%] Built target sensor_type_interface__rosidl_typesupport_fastrtps_cpp
[0.240s] [ 61%] Built target sensor_type_interface__rosidl_typesupport_introspection_cpp
[0.249s] [ 70%] Built target sensor_type_interface__rosidl_typesupport_cpp
[0.296s] [ 70%] Built target sensor_type_interface
[0.345s] [ 74%] Built target sensor_type_interface__py
[0.396s] [ 80%] Built target sensor_type_interface__rosidl_generator_py
[0.449s] [ 87%] Built target sensor_type_interface__rosidl_typesupport_introspection_c__pyext
[0.454s] [ 93%] Built target sensor_type_interface__rosidl_typesupport_c__pyext
[0.456s] [100%] Built target sensor_type_interface__rosidl_typesupport_fastrtps_c__pyext
[0.710s] running egg_info
[0.712s] writing sensor_type_interface.egg-info/PKG-INFO
[0.712s] writing dependency_links to sensor_type_interface.egg-info/dependency_links.txt
[0.713s] writing top-level names to sensor_type_interface.egg-info/top_level.txt
[0.718s] reading manifest file 'sensor_type_interface.egg-info/SOURCES.txt'
[0.719s] writing manifest file 'sensor_type_interface.egg-info/SOURCES.txt'
[0.772s] [100%] Built target ament_cmake_python_build_sensor_type_interface_egg
[0.796s] Invoked command in '/home/asd/temp_git_repo/Mobile_Arduino_Serial_sensor_ros2_wraper/build/sensor_type_interface' returned '0': CMAKE_PREFIX_PATH=${CMAKE_PREFIX_PATH}:/home/asd/ros2_ws_goat2/install/multi_robo_simulator:/home/asd/ros2_ws_goat2/install/micro_ros_server:/home/asd/ros2_ws_goat2/install/Qr_action:/home/asd/ros2_ws9/install/my_goat_pkg:/home/asd/ros2_ws7/install/my_py_pkg_anscer:/home/asd/ros2_ws4/install/esp_wifi:/home/asd/ros2_ws4/install/maping_odom:/home/asd/ros2_ws/install/turtlesim_catch_them_all:/home/asd/ros2_ws/install/my_py_pkg:/opt/ros/humble /usr/bin/cmake --build /home/asd/temp_git_repo/Mobile_Arduino_Serial_sensor_ros2_wraper/build/sensor_type_interface -- -j8 -l8
[0.817s] Invoking command in '/home/asd/temp_git_repo/Mobile_Arduino_Serial_sensor_ros2_wraper/build/sensor_type_interface': CMAKE_PREFIX_PATH=${CMAKE_PREFIX_PATH}:/home/asd/ros2_ws_goat2/install/multi_robo_simulator:/home/asd/ros2_ws_goat2/install/micro_ros_server:/home/asd/ros2_ws_goat2/install/Qr_action:/home/asd/ros2_ws9/install/my_goat_pkg:/home/asd/ros2_ws7/install/my_py_pkg_anscer:/home/asd/ros2_ws4/install/esp_wifi:/home/asd/ros2_ws4/install/maping_odom:/home/asd/ros2_ws/install/turtlesim_catch_them_all:/home/asd/ros2_ws/install/my_py_pkg:/opt/ros/humble /usr/bin/cmake --install /home/asd/temp_git_repo/Mobile_Arduino_Serial_sensor_ros2_wraper/build/sensor_type_interface
[0.835s] -- Install configuration: ""
[0.835s] -- Up-to-date: /home/asd/temp_git_repo/Mobile_Arduino_Serial_sensor_ros2_wraper/install/sensor_type_interface/share/ament_index/resource_index/rosidl_interfaces/sensor_type_interface
[0.835s] -- Up-to-date: /home/asd/temp_git_repo/Mobile_Arduino_Serial_sensor_ros2_wraper/install/sensor_type_interface/include/sensor_type_interface/sensor_type_interface
[0.836s] -- Up-to-date: /home/asd/temp_git_repo/Mobile_Arduino_Serial_sensor_ros2_wraper/install/sensor_type_interface/include/sensor_type_interface/sensor_type_interface/msg
[0.836s] -- Up-to-date: /home/asd/temp_git_repo/Mobile_Arduino_Serial_sensor_ros2_wraper/install/sensor_type_interface/include/sensor_type_interface/sensor_type_interface/msg/rosidl_generator_c__visibility_control.h
[0.836s] -- Up-to-date: /home/asd/temp_git_repo/Mobile_Arduino_Serial_sensor_ros2_wraper/install/sensor_type_interface/include/sensor_type_interface/sensor_type_interface/msg/mobile_sensor_array.h
[0.836s] -- Up-to-date: /home/asd/temp_git_repo/Mobile_Arduino_Serial_sensor_ros2_wraper/install/sensor_type_interface/include/sensor_type_interface/sensor_type_interface/msg/detail
[0.836s] -- Up-to-date: /home/asd/temp_git_repo/Mobile_Arduino_Serial_sensor_ros2_wraper/install/sensor_type_interface/include/sensor_type_interface/sensor_type_interface/msg/detail/mobile_sensor_array__struct.h
[0.837s] -- Up-to-date: /home/asd/temp_git_repo/Mobile_Arduino_Serial_sensor_ros2_wraper/install/sensor_type_interface/include/sensor_type_interface/sensor_type_interface/msg/detail/mobile_sensor_array__type_support.h
[0.837s] -- Up-to-date: /home/asd/temp_git_repo/Mobile_Arduino_Serial_sensor_ros2_wraper/install/sensor_type_interface/include/sensor_type_interface/sensor_type_interface/msg/detail/mobile_sensor_array__functions.h
[0.837s] -- Up-to-date: /home/asd/temp_git_repo/Mobile_Arduino_Serial_sensor_ros2_wraper/install/sensor_type_interface/include/sensor_type_interface/sensor_type_interface/msg/detail/mobile_sensor_array__functions.c
[0.837s] -- Up-to-date: /home/asd/temp_git_repo/Mobile_Arduino_Serial_sensor_ros2_wraper/install/sensor_type_interface/share/sensor_type_interface/environment/library_path.sh
[0.837s] -- Up-to-date: /home/asd/temp_git_repo/Mobile_Arduino_Serial_sensor_ros2_wraper/install/sensor_type_interface/share/sensor_type_interface/environment/library_path.dsv
[0.838s] -- Up-to-date: /home/asd/temp_git_repo/Mobile_Arduino_Serial_sensor_ros2_wraper/install/sensor_type_interface/lib/libsensor_type_interface__rosidl_generator_c.so
[0.838s] -- Up-to-date: /home/asd/temp_git_repo/Mobile_Arduino_Serial_sensor_ros2_wraper/install/sensor_type_interface/include/sensor_type_interface/sensor_type_interface
[0.838s] -- Up-to-date: /home/asd/temp_git_repo/Mobile_Arduino_Serial_sensor_ros2_wraper/install/sensor_type_interface/include/sensor_type_interface/sensor_type_interface/msg
[0.838s] -- Up-to-date: /home/asd/temp_git_repo/Mobile_Arduino_Serial_sensor_ros2_wraper/install/sensor_type_interface/include/sensor_type_interface/sensor_type_interface/msg/rosidl_typesupport_fastrtps_c__visibility_control.h
[0.838s] -- Up-to-date: /home/asd/temp_git_repo/Mobile_Arduino_Serial_sensor_ros2_wraper/install/sensor_type_interface/include/sensor_type_interface/sensor_type_interface/msg/detail
[0.839s] -- Up-to-date: /home/asd/temp_git_repo/Mobile_Arduino_Serial_sensor_ros2_wraper/install/sensor_type_interface/include/sensor_type_interface/sensor_type_interface/msg/detail/mobile_sensor_array__rosidl_typesupport_fastrtps_c.h
[0.839s] -- Up-to-date: /home/asd/temp_git_repo/Mobile_Arduino_Serial_sensor_ros2_wraper/install/sensor_type_interface/lib/libsensor_type_interface__rosidl_typesupport_fastrtps_c.so
[0.839s] -- Up-to-date: /home/asd/temp_git_repo/Mobile_Arduino_Serial_sensor_ros2_wraper/install/sensor_type_interface/include/sensor_type_interface/sensor_type_interface
[0.839s] -- Up-to-date: /home/asd/temp_git_repo/Mobile_Arduino_Serial_sensor_ros2_wraper/install/sensor_type_interface/include/sensor_type_interface/sensor_type_interface/msg
[0.839s] -- Up-to-date: /home/asd/temp_git_repo/Mobile_Arduino_Serial_sensor_ros2_wraper/install/sensor_type_interface/include/sensor_type_interface/sensor_type_interface/msg/detail
[0.840s] -- Up-to-date: /home/asd/temp_git_repo/Mobile_Arduino_Serial_sensor_ros2_wraper/install/sensor_type_interface/include/sensor_type_interface/sensor_type_interface/msg/detail/mobile_sensor_array__type_support.c
[0.840s] -- Up-to-date: /home/asd/temp_git_repo/Mobile_Arduino_Serial_sensor_ros2_wraper/install/sensor_type_interface/include/sensor_type_interface/sensor_type_interface/msg/detail/mobile_sensor_array__rosidl_typesupport_introspection_c.h
[0.840s] -- Up-to-date: /home/asd/temp_git_repo/Mobile_Arduino_Serial_sensor_ros2_wraper/install/sensor_type_interface/include/sensor_type_interface/sensor_type_interface/msg/rosidl_typesupport_introspection_c__visibility_control.h
[0.840s] -- Up-to-date: /home/asd/temp_git_repo/Mobile_Arduino_Serial_sensor_ros2_wraper/install/sensor_type_interface/lib/libsensor_type_interface__rosidl_typesupport_introspection_c.so
[0.841s] -- Up-to-date: /home/asd/temp_git_repo/Mobile_Arduino_Serial_sensor_ros2_wraper/install/sensor_type_interface/lib/libsensor_type_interface__rosidl_typesupport_c.so
[0.841s] -- Up-to-date: /home/asd/temp_git_repo/Mobile_Arduino_Serial_sensor_ros2_wraper/install/sensor_type_interface/include/sensor_type_interface/sensor_type_interface
[0.841s] -- Up-to-date: /home/asd/temp_git_repo/Mobile_Arduino_Serial_sensor_ros2_wraper/install/sensor_type_interface/include/sensor_type_interface/sensor_type_interface/msg
[0.841s] -- Up-to-date: /home/asd/temp_git_repo/Mobile_Arduino_Serial_sensor_ros2_wraper/install/sensor_type_interface/include/sensor_type_interface/sensor_type_interface/msg/rosidl_generator_cpp__visibility_control.hpp
[0.841s] -- Up-to-date: /home/asd/temp_git_repo/Mobile_Arduino_Serial_sensor_ros2_wraper/install/sensor_type_interface/include/sensor_type_interface/sensor_type_interface/msg/detail
[0.842s] -- Up-to-date: /home/asd/temp_git_repo/Mobile_Arduino_Serial_sensor_ros2_wraper/install/sensor_type_interface/include/sensor_type_interface/sensor_type_interface/msg/detail/mobile_sensor_array__traits.hpp
[0.842s] -- Up-to-date: /home/asd/temp_git_repo/Mobile_Arduino_Serial_sensor_ros2_wraper/install/sensor_type_interface/include/sensor_type_interface/sensor_type_interface/msg/detail/mobile_sensor_array__type_support.hpp
[0.842s] -- Up-to-date: /home/asd/temp_git_repo/Mobile_Arduino_Serial_sensor_ros2_wraper/install/sensor_type_interface/include/sensor_type_interface/sensor_type_interface/msg/detail/mobile_sensor_array__builder.hpp
[0.842s] -- Up-to-date: /home/asd/temp_git_repo/Mobile_Arduino_Serial_sensor_ros2_wraper/install/sensor_type_interface/include/sensor_type_interface/sensor_type_interface/msg/detail/mobile_sensor_array__struct.hpp
[0.842s] -- Up-to-date: /home/asd/temp_git_repo/Mobile_Arduino_Serial_sensor_ros2_wraper/install/sensor_type_interface/include/sensor_type_interface/sensor_type_interface/msg/mobile_sensor_array.hpp
[0.843s] -- Up-to-date: /home/asd/temp_git_repo/Mobile_Arduino_Serial_sensor_ros2_wraper/install/sensor_type_interface/include/sensor_type_interface/sensor_type_interface
[0.843s] -- Up-to-date: /home/asd/temp_git_repo/Mobile_Arduino_Serial_sensor_ros2_wraper/install/sensor_type_interface/include/sensor_type_interface/sensor_type_interface/msg
[0.843s] -- Up-to-date: /home/asd/temp_git_repo/Mobile_Arduino_Serial_sensor_ros2_wraper/install/sensor_type_interface/include/sensor_type_interface/sensor_type_interface/msg/rosidl_typesupport_fastrtps_cpp__visibility_control.h
[0.843s] -- Up-to-date: /home/asd/temp_git_repo/Mobile_Arduino_Serial_sensor_ros2_wraper/install/sensor_type_interface/include/sensor_type_interface/sensor_type_interface/msg/detail
[0.843s] -- Up-to-date: /home/asd/temp_git_repo/Mobile_Arduino_Serial_sensor_ros2_wraper/install/sensor_type_interface/include/sensor_type_interface/sensor_type_interface/msg/detail/dds_fastrtps
[0.844s] -- Up-to-date: /home/asd/temp_git_repo/Mobile_Arduino_Serial_sensor_ros2_wraper/install/sensor_type_interface/include/sensor_type_interface/sensor_type_interface/msg/detail/mobile_sensor_array__rosidl_typesupport_fastrtps_cpp.hpp
[0.844s] -- Up-to-date: /home/asd/temp_git_repo/Mobile_Arduino_Serial_sensor_ros2_wraper/install/sensor_type_interface/lib/libsensor_type_interface__rosidl_typesupport_fastrtps_cpp.so
[0.844s] -- Up-to-date: /home/asd/temp_git_repo/Mobile_Arduino_Serial_sensor_ros2_wraper/install/sensor_type_interface/include/sensor_type_interface/sensor_type_interface
[0.844s] -- Up-to-date: /home/asd/temp_git_repo/Mobile_Arduino_Serial_sensor_ros2_wraper/install/sensor_type_interface/include/sensor_type_interface/sensor_type_interface/msg
[0.845s] -- Up-to-date: /home/asd/temp_git_repo/Mobile_Arduino_Serial_sensor_ros2_wraper/install/sensor_type_interface/include/sensor_type_interface/sensor_type_interface/msg/detail
[0.845s] -- Up-to-date: /home/asd/temp_git_repo/Mobile_Arduino_Serial_sensor_ros2_wraper/install/sensor_type_interface/include/sensor_type_interface/sensor_type_interface/msg/detail/mobile_sensor_array__rosidl_typesupport_introspection_cpp.hpp
[0.845s] -- Up-to-date: /home/asd/temp_git_repo/Mobile_Arduino_Serial_sensor_ros2_wraper/install/sensor_type_interface/include/sensor_type_interface/sensor_type_interface/msg/detail/mobile_sensor_array__type_support.cpp
[0.846s] -- Up-to-date: /home/asd/temp_git_repo/Mobile_Arduino_Serial_sensor_ros2_wraper/install/sensor_type_interface/lib/libsensor_type_interface__rosidl_typesupport_introspection_cpp.so
[0.846s] -- Up-to-date: /home/asd/temp_git_repo/Mobile_Arduino_Serial_sensor_ros2_wraper/install/sensor_type_interface/lib/libsensor_type_interface__rosidl_typesupport_cpp.so
[0.846s] -- Up-to-date: /home/asd/temp_git_repo/Mobile_Arduino_Serial_sensor_ros2_wraper/install/sensor_type_interface/share/sensor_type_interface/environment/pythonpath.sh
[0.846s] -- Up-to-date: /home/asd/temp_git_repo/Mobile_Arduino_Serial_sensor_ros2_wraper/install/sensor_type_interface/share/sensor_type_interface/environment/pythonpath.dsv
[0.846s] -- Up-to-date: /home/asd/temp_git_repo/Mobile_Arduino_Serial_sensor_ros2_wraper/install/sensor_type_interface/local/lib/python3.10/dist-packages/sensor_type_interface-0.0.0-py3.10.egg-info
[0.847s] -- Installing: /home/asd/temp_git_repo/Mobile_Arduino_Serial_sensor_ros2_wraper/install/sensor_type_interface/local/lib/python3.10/dist-packages/sensor_type_interface-0.0.0-py3.10.egg-info/top_level.txt
[0.847s] -- Installing: /home/asd/temp_git_repo/Mobile_Arduino_Serial_sensor_ros2_wraper/install/sensor_type_interface/local/lib/python3.10/dist-packages/sensor_type_interface-0.0.0-py3.10.egg-info/PKG-INFO
[0.847s] -- Installing: /home/asd/temp_git_repo/Mobile_Arduino_Serial_sensor_ros2_wraper/install/sensor_type_interface/local/lib/python3.10/dist-packages/sensor_type_interface-0.0.0-py3.10.egg-info/dependency_links.txt
[0.847s] -- Installing: /home/asd/temp_git_repo/Mobile_Arduino_Serial_sensor_ros2_wraper/install/sensor_type_interface/local/lib/python3.10/dist-packages/sensor_type_interface-0.0.0-py3.10.egg-info/SOURCES.txt
[0.847s] -- Up-to-date: /home/asd/temp_git_repo/Mobile_Arduino_Serial_sensor_ros2_wraper/install/sensor_type_interface/local/lib/python3.10/dist-packages/sensor_type_interface
[0.847s] -- Up-to-date: /home/asd/temp_git_repo/Mobile_Arduino_Serial_sensor_ros2_wraper/install/sensor_type_interface/local/lib/python3.10/dist-packages/sensor_type_interface/sensor_type_interface_s__rosidl_typesupport_introspection_c.cpython-310-x86_64-linux-gnu.so
[0.847s] -- Up-to-date: /home/asd/temp_git_repo/Mobile_Arduino_Serial_sensor_ros2_wraper/install/sensor_type_interface/local/lib/python3.10/dist-packages/sensor_type_interface/msg
[0.848s] -- Up-to-date: /home/asd/temp_git_repo/Mobile_Arduino_Serial_sensor_ros2_wraper/install/sensor_type_interface/local/lib/python3.10/dist-packages/sensor_type_interface/msg/_mobile_sensor_array_s.c
[0.848s] -- Up-to-date: /home/asd/temp_git_repo/Mobile_Arduino_Serial_sensor_ros2_wraper/install/sensor_type_interface/local/lib/python3.10/dist-packages/sensor_type_interface/msg/__init__.py
[0.848s] -- Up-to-date: /home/asd/temp_git_repo/Mobile_Arduino_Serial_sensor_ros2_wraper/install/sensor_type_interface/local/lib/python3.10/dist-packages/sensor_type_interface/msg/_mobile_sensor_array.py
[0.848s] -- Up-to-date: /home/asd/temp_git_repo/Mobile_Arduino_Serial_sensor_ros2_wraper/install/sensor_type_interface/local/lib/python3.10/dist-packages/sensor_type_interface/_sensor_type_interface_s.ep.rosidl_typesupport_introspection_c.c
[0.848s] -- Up-to-date: /home/asd/temp_git_repo/Mobile_Arduino_Serial_sensor_ros2_wraper/install/sensor_type_interface/local/lib/python3.10/dist-packages/sensor_type_interface/libsensor_type_interface__rosidl_generator_py.so
[0.848s] -- Up-to-date: /home/asd/temp_git_repo/Mobile_Arduino_Serial_sensor_ros2_wraper/install/sensor_type_interface/local/lib/python3.10/dist-packages/sensor_type_interface/sensor_type_interface_s__rosidl_typesupport_fastrtps_c.cpython-310-x86_64-linux-gnu.so
[0.849s] -- Up-to-date: /home/asd/temp_git_repo/Mobile_Arduino_Serial_sensor_ros2_wraper/install/sensor_type_interface/local/lib/python3.10/dist-packages/sensor_type_interface/__init__.py
[0.849s] -- Up-to-date: /home/asd/temp_git_repo/Mobile_Arduino_Serial_sensor_ros2_wraper/install/sensor_type_interface/local/lib/python3.10/dist-packages/sensor_type_interface/_sensor_type_interface_s.ep.rosidl_typesupport_fastrtps_c.c
[0.849s] -- Up-to-date: /home/asd/temp_git_repo/Mobile_Arduino_Serial_sensor_ros2_wraper/install/sensor_type_interface/local/lib/python3.10/dist-packages/sensor_type_interface/_sensor_type_interface_s.ep.rosidl_typesupport_c.c
[0.849s] -- Up-to-date: /home/asd/temp_git_repo/Mobile_Arduino_Serial_sensor_ros2_wraper/install/sensor_type_interface/local/lib/python3.10/dist-packages/sensor_type_interface/sensor_type_interface_s__rosidl_typesupport_c.cpython-310-x86_64-linux-gnu.so
[0.910s] Listing '/home/asd/temp_git_repo/Mobile_Arduino_Serial_sensor_ros2_wraper/install/sensor_type_interface/local/lib/python3.10/dist-packages/sensor_type_interface'...
[0.910s] Listing '/home/asd/temp_git_repo/Mobile_Arduino_Serial_sensor_ros2_wraper/install/sensor_type_interface/local/lib/python3.10/dist-packages/sensor_type_interface/msg'...
[0.916s] -- Up-to-date: /home/asd/temp_git_repo/Mobile_Arduino_Serial_sensor_ros2_wraper/install/sensor_type_interface/local/lib/python3.10/dist-packages/sensor_type_interface/sensor_type_interface_s__rosidl_typesupport_fastrtps_c.cpython-310-x86_64-linux-gnu.so
[0.917s] -- Up-to-date: /home/asd/temp_git_repo/Mobile_Arduino_Serial_sensor_ros2_wraper/install/sensor_type_interface/local/lib/python3.10/dist-packages/sensor_type_interface/sensor_type_interface_s__rosidl_typesupport_introspection_c.cpython-310-x86_64-linux-gnu.so
[0.918s] -- Up-to-date: /home/asd/temp_git_repo/Mobile_Arduino_Serial_sensor_ros2_wraper/install/sensor_type_interface/local/lib/python3.10/dist-packages/sensor_type_interface/sensor_type_interface_s__rosidl_typesupport_c.cpython-310-x86_64-linux-gnu.so
[0.918s] -- Up-to-date: /home/asd/temp_git_repo/Mobile_Arduino_Serial_sensor_ros2_wraper/install/sensor_type_interface/lib/libsensor_type_interface__rosidl_generator_py.so
[0.919s] -- Up-to-date: /home/asd/temp_git_repo/Mobile_Arduino_Serial_sensor_ros2_wraper/install/sensor_type_interface/share/sensor_type_interface/msg/MobileSensorArray.idl
[0.919s] -- Up-to-date: /home/asd/temp_git_repo/Mobile_Arduino_Serial_sensor_ros2_wraper/install/sensor_type_interface/share/sensor_type_interface/msg/MobileSensorArray.msg
[0.919s] -- Up-to-date: /home/asd/temp_git_repo/Mobile_Arduino_Serial_sensor_ros2_wraper/install/sensor_type_interface/share/ament_index/resource_index/package_run_dependencies/sensor_type_interface
[0.920s] -- Up-to-date: /home/asd/temp_git_repo/Mobile_Arduino_Serial_sensor_ros2_wraper/install/sensor_type_interface/share/ament_index/resource_index/parent_prefix_path/sensor_type_interface
[0.920s] -- Up-to-date: /home/asd/temp_git_repo/Mobile_Arduino_Serial_sensor_ros2_wraper/install/sensor_type_interface/share/sensor_type_interface/environment/ament_prefix_path.sh
[0.920s] -- Up-to-date: /home/asd/temp_git_repo/Mobile_Arduino_Serial_sensor_ros2_wraper/install/sensor_type_interface/share/sensor_type_interface/environment/ament_prefix_path.dsv
[0.920s] -- Up-to-date: /home/asd/temp_git_repo/Mobile_Arduino_Serial_sensor_ros2_wraper/install/sensor_type_interface/share/sensor_type_interface/environment/path.sh
[0.920s] -- Up-to-date: /home/asd/temp_git_repo/Mobile_Arduino_Serial_sensor_ros2_wraper/install/sensor_type_interface/share/sensor_type_interface/environment/path.dsv
[0.921s] -- Up-to-date: /home/asd/temp_git_repo/Mobile_Arduino_Serial_sensor_ros2_wraper/install/sensor_type_interface/share/sensor_type_interface/local_setup.bash
[0.921s] -- Up-to-date: /home/asd/temp_git_repo/Mobile_Arduino_Serial_sensor_ros2_wraper/install/sensor_type_interface/share/sensor_type_interface/local_setup.sh
[0.921s] -- Up-to-date: /home/asd/temp_git_repo/Mobile_Arduino_Serial_sensor_ros2_wraper/install/sensor_type_interface/share/sensor_type_interface/local_setup.zsh
[0.921s] -- Up-to-date: /home/asd/temp_git_repo/Mobile_Arduino_Serial_sensor_ros2_wraper/install/sensor_type_interface/share/sensor_type_interface/local_setup.dsv
[0.921s] -- Installing: /home/asd/temp_git_repo/Mobile_Arduino_Serial_sensor_ros2_wraper/install/sensor_type_interface/share/sensor_type_interface/package.dsv
[0.922s] -- Up-to-date: /home/asd/temp_git_repo/Mobile_Arduino_Serial_sensor_ros2_wraper/install/sensor_type_interface/share/ament_index/resource_index/packages/sensor_type_interface
[0.922s] -- Up-to-date: /home/asd/temp_git_repo/Mobile_Arduino_Serial_sensor_ros2_wraper/install/sensor_type_interface/share/sensor_type_interface/cmake/export_sensor_type_interface__rosidl_generator_cExport.cmake
[0.922s] -- Up-to-date: /home/asd/temp_git_repo/Mobile_Arduino_Serial_sensor_ros2_wraper/install/sensor_type_interface/share/sensor_type_interface/cmake/export_sensor_type_interface__rosidl_generator_cExport-noconfig.cmake
[0.922s] -- Up-to-date: /home/asd/temp_git_repo/Mobile_Arduino_Serial_sensor_ros2_wraper/install/sensor_type_interface/share/sensor_type_interface/cmake/export_sensor_type_interface__rosidl_typesupport_fastrtps_cExport.cmake
[0.923s] -- Up-to-date: /home/asd/temp_git_repo/Mobile_Arduino_Serial_sensor_ros2_wraper/install/sensor_type_interface/share/sensor_type_interface/cmake/export_sensor_type_interface__rosidl_typesupport_fastrtps_cExport-noconfig.cmake
[0.923s] -- Up-to-date: /home/asd/temp_git_repo/Mobile_Arduino_Serial_sensor_ros2_wraper/install/sensor_type_interface/share/sensor_type_interface/cmake/sensor_type_interface__rosidl_typesupport_introspection_cExport.cmake
[0.923s] -- Up-to-date: /home/asd/temp_git_repo/Mobile_Arduino_Serial_sensor_ros2_wraper/install/sensor_type_interface/share/sensor_type_interface/cmake/sensor_type_interface__rosidl_typesupport_introspection_cExport-noconfig.cmake
[0.923s] -- Up-to-date: /home/asd/temp_git_repo/Mobile_Arduino_Serial_sensor_ros2_wraper/install/sensor_type_interface/share/sensor_type_interface/cmake/sensor_type_interface__rosidl_typesupport_cExport.cmake
[0.923s] -- Up-to-date: /home/asd/temp_git_repo/Mobile_Arduino_Serial_sensor_ros2_wraper/install/sensor_type_interface/share/sensor_type_interface/cmake/sensor_type_interface__rosidl_typesupport_cExport-noconfig.cmake
[0.924s] -- Up-to-date: /home/asd/temp_git_repo/Mobile_Arduino_Serial_sensor_ros2_wraper/install/sensor_type_interface/share/sensor_type_interface/cmake/export_sensor_type_interface__rosidl_generator_cppExport.cmake
[0.924s] -- Up-to-date: /home/asd/temp_git_repo/Mobile_Arduino_Serial_sensor_ros2_wraper/install/sensor_type_interface/share/sensor_type_interface/cmake/export_sensor_type_interface__rosidl_typesupport_fastrtps_cppExport.cmake
[0.924s] -- Up-to-date: /home/asd/temp_git_repo/Mobile_Arduino_Serial_sensor_ros2_wraper/install/sensor_type_interface/share/sensor_type_interface/cmake/export_sensor_type_interface__rosidl_typesupport_fastrtps_cppExport-noconfig.cmake
[0.924s] -- Up-to-date: /home/asd/temp_git_repo/Mobile_Arduino_Serial_sensor_ros2_wraper/install/sensor_type_interface/share/sensor_type_interface/cmake/sensor_type_interface__rosidl_typesupport_introspection_cppExport.cmake
[0.924s] -- Up-to-date: /home/asd/temp_git_repo/Mobile_Arduino_Serial_sensor_ros2_wraper/install/sensor_type_interface/share/sensor_type_interface/cmake/sensor_type_interface__rosidl_typesupport_introspection_cppExport-noconfig.cmake
[0.925s] -- Up-to-date: /home/asd/temp_git_repo/Mobile_Arduino_Serial_sensor_ros2_wraper/install/sensor_type_interface/share/sensor_type_interface/cmake/sensor_type_interface__rosidl_typesupport_cppExport.cmake
[0.925s] -- Up-to-date: /home/asd/temp_git_repo/Mobile_Arduino_Serial_sensor_ros2_wraper/install/sensor_type_interface/share/sensor_type_interface/cmake/sensor_type_interface__rosidl_typesupport_cppExport-noconfig.cmake
[0.925s] -- Up-to-date: /home/asd/temp_git_repo/Mobile_Arduino_Serial_sensor_ros2_wraper/install/sensor_type_interface/share/sensor_type_interface/cmake/export_sensor_type_interface__rosidl_generator_pyExport.cmake
[0.925s] -- Up-to-date: /home/asd/temp_git_repo/Mobile_Arduino_Serial_sensor_ros2_wraper/install/sensor_type_interface/share/sensor_type_interface/cmake/export_sensor_type_interface__rosidl_generator_pyExport-noconfig.cmake
[0.925s] -- Up-to-date: /home/asd/temp_git_repo/Mobile_Arduino_Serial_sensor_ros2_wraper/install/sensor_type_interface/share/sensor_type_interface/cmake/rosidl_cmake-extras.cmake
[0.926s] -- Up-to-date: /home/asd/temp_git_repo/Mobile_Arduino_Serial_sensor_ros2_wraper/install/sensor_type_interface/share/sensor_type_interface/cmake/ament_cmake_export_include_directories-extras.cmake
[0.926s] -- Up-to-date: /home/asd/temp_git_repo/Mobile_Arduino_Serial_sensor_ros2_wraper/install/sensor_type_interface/share/sensor_type_interface/cmake/ament_cmake_export_libraries-extras.cmake
[0.926s] -- Up-to-date: /home/asd/temp_git_repo/Mobile_Arduino_Serial_sensor_ros2_wraper/install/sensor_type_interface/share/sensor_type_interface/cmake/ament_cmake_export_targets-extras.cmake
[0.926s] -- Up-to-date: /home/asd/temp_git_repo/Mobile_Arduino_Serial_sensor_ros2_wraper/install/sensor_type_interface/share/sensor_type_interface/cmake/rosidl_cmake_export_typesupport_targets-extras.cmake
[0.926s] -- Up-to-date: /home/asd/temp_git_repo/Mobile_Arduino_Serial_sensor_ros2_wraper/install/sensor_type_interface/share/sensor_type_interface/cmake/ament_cmake_export_dependencies-extras.cmake
[0.926s] -- Up-to-date: /home/asd/temp_git_repo/Mobile_Arduino_Serial_sensor_ros2_wraper/install/sensor_type_interface/share/sensor_type_interface/cmake/rosidl_cmake_export_typesupport_libraries-extras.cmake
[0.927s] -- Up-to-date: /home/asd/temp_git_repo/Mobile_Arduino_Serial_sensor_ros2_wraper/install/sensor_type_interface/share/sensor_type_interface/cmake/sensor_type_interfaceConfig.cmake
[0.927s] -- Up-to-date: /home/asd/temp_git_repo/Mobile_Arduino_Serial_sensor_ros2_wraper/install/sensor_type_interface/share/sensor_type_interface/cmake/sensor_type_interfaceConfig-version.cmake
[0.927s] -- Up-to-date: /home/asd/temp_git_repo/Mobile_Arduino_Serial_sensor_ros2_wraper/install/sensor_type_interface/share/sensor_type_interface/package.xml
[0.929s] Invoked command in '/home/asd/temp_git_repo/Mobile_Arduino_Serial_sensor_ros2_wraper/build/sensor_type_interface' returned '0': CMAKE_PREFIX_PATH=${CMAKE_PREFIX_PATH}:/home/asd/ros2_ws_goat2/install/multi_robo_simulator:/home/asd/ros2_ws_goat2/install/micro_ros_server:/home/asd/ros2_ws_goat2/install/Qr_action:/home/asd/ros2_ws9/install/my_goat_pkg:/home/asd/ros2_ws7/install/my_py_pkg_anscer:/home/asd/ros2_ws4/install/esp_wifi:/home/asd/ros2_ws4/install/maping_odom:/home/asd/ros2_ws/install/turtlesim_catch_them_all:/home/asd/ros2_ws/install/my_py_pkg:/opt/ros/humble /usr/bin/cmake --install /home/asd/temp_git_repo/Mobile_Arduino_Serial_sensor_ros2_wraper/build/sensor_type_interface
