[0.197s] DEBUG:colcon:Command line arguments: ['/usr/bin/colcon', 'build']
[0.197s] DEBUG:colcon:Parsed command line arguments: Namespace(log_base=None, log_level=None, verb_name='build', build_base='build', install_base='install', merge_install=False, symlink_install=False, test_result_base=None, continue_on_error=False, executor='parallel', parallel_workers=8, event_handlers=None, ignore_user_meta=False, metas=['./colcon.meta'], base_paths=['.'], packages_ignore=None, packages_ignore_regex=None, paths=None, packages_up_to=None, packages_up_to_regex=None, packages_above=None, packages_above_and_dependencies=None, packages_above_depth=None, packages_select_by_dep=None, packages_skip_by_dep=None, packages_skip_up_to=None, packages_select_build_failed=False, packages_skip_build_finished=False, packages_select_test_failures=False, packages_skip_test_passed=False, packages_select=None, packages_skip=None, packages_select_regex=None, packages_skip_regex=None, packages_start=None, packages_end=None, allow_overriding=[], cmake_args=None, cmake_target=None, cmake_target_skip_unavailable=False, cmake_clean_cache=False, cmake_clean_first=False, cmake_force_configure=False, ament_cmake_args=None, catkin_cmake_args=None, catkin_skip_building_tests=False, mixin_files=None, mixin=None, verb_parser=<colcon_mixin.mixin.mixin_argument.MixinArgumentDecorator object at 0x7d2c5328e7d0>, verb_extension=<colcon_core.verb.build.BuildVerb object at 0x7d2c5328e050>, main=<bound method BuildVerb.main of <colcon_core.verb.build.BuildVerb object at 0x7d2c5328e050>>, mixin_verb=('build',))
[0.475s] Level 1:colcon.colcon_core.package_discovery:discover_packages(colcon_meta) check parameters
[0.475s] Level 1:colcon.colcon_core.package_discovery:discover_packages(recursive) check parameters
[0.475s] Level 1:colcon.colcon_core.package_discovery:discover_packages(ignore) check parameters
[0.475s] Level 1:colcon.colcon_core.package_discovery:discover_packages(path) check parameters
[0.475s] Level 1:colcon.colcon_core.package_discovery:discover_packages(colcon_meta) discover
[0.476s] Level 1:colcon.colcon_core.package_discovery:discover_packages(recursive) discover
[0.476s] INFO:colcon.colcon_core.package_discovery:Crawling recursively for packages in '/home/asd/temp_git_repo/Mobile_Arduino_Serial_sensor_ros2_wraper'
[0.476s] Level 1:colcon.colcon_core.package_identification:_identify(.) by extensions ['ignore', 'ignore_ament_install']
[0.476s] Level 1:colcon.colcon_core.package_identification:_identify(.) by extension 'ignore'
[0.476s] Level 1:colcon.colcon_core.package_identification:_identify(.) by extension 'ignore_ament_install'
[0.476s] Level 1:colcon.colcon_core.package_identification:_identify(.) by extensions ['colcon_pkg']
[0.476s] Level 1:colcon.colcon_core.package_identification:_identify(.) by extension 'colcon_pkg'
[0.476s] Level 1:colcon.colcon_core.package_identification:_identify(.) by extensions ['colcon_meta']
[0.476s] Level 1:colcon.colcon_core.package_identification:_identify(.) by extension 'colcon_meta'
[0.476s] Level 1:colcon.colcon_core.package_identification:_identify(.) by extensions ['ros']
[0.477s] Level 1:colcon.colcon_core.package_identification:_identify(.) by extension 'ros'
[0.506s] Level 1:colcon.colcon_core.package_identification:_identify(.) by extensions ['cmake', 'python']
[0.506s] Level 1:colcon.colcon_core.package_identification:_identify(.) by extension 'cmake'
[0.506s] Level 1:colcon.colcon_core.package_identification:_identify(.) by extension 'python'
[0.506s] Level 1:colcon.colcon_core.package_identification:_identify(.) by extensions ['python_setup_py']
[0.506s] Level 1:colcon.colcon_core.package_identification:_identify(.) by extension 'python_setup_py'
[0.507s] Level 1:colcon.colcon_core.package_identification:_identify(build) by extensions ['ignore', 'ignore_ament_install']
[0.507s] Level 1:colcon.colcon_core.package_identification:_identify(build) by extension 'ignore'
[0.507s] Level 1:colcon.colcon_core.package_identification:_identify(build) ignored
[0.507s] Level 1:colcon.colcon_core.package_identification:_identify(install) by extensions ['ignore', 'ignore_ament_install']
[0.507s] Level 1:colcon.colcon_core.package_identification:_identify(install) by extension 'ignore'
[0.507s] Level 1:colcon.colcon_core.package_identification:_identify(install) ignored
[0.508s] Level 1:colcon.colcon_core.package_identification:_identify(log) by extensions ['ignore', 'ignore_ament_install']
[0.508s] Level 1:colcon.colcon_core.package_identification:_identify(log) by extension 'ignore'
[0.508s] Level 1:colcon.colcon_core.package_identification:_identify(log) ignored
[0.508s] Level 1:colcon.colcon_core.package_identification:_identify(sensor_type_interface) by extensions ['ignore', 'ignore_ament_install']
[0.508s] Level 1:colcon.colcon_core.package_identification:_identify(sensor_type_interface) by extension 'ignore'
[0.508s] Level 1:colcon.colcon_core.package_identification:_identify(sensor_type_interface) by extension 'ignore_ament_install'
[0.508s] Level 1:colcon.colcon_core.package_identification:_identify(sensor_type_interface) by extensions ['colcon_pkg']
[0.508s] Level 1:colcon.colcon_core.package_identification:_identify(sensor_type_interface) by extension 'colcon_pkg'
[0.508s] Level 1:colcon.colcon_core.package_identification:_identify(sensor_type_interface) by extensions ['colcon_meta']
[0.508s] Level 1:colcon.colcon_core.package_identification:_identify(sensor_type_interface) by extension 'colcon_meta'
[0.508s] Level 1:colcon.colcon_core.package_identification:_identify(sensor_type_interface) by extensions ['ros']
[0.508s] Level 1:colcon.colcon_core.package_identification:_identify(sensor_type_interface) by extension 'ros'
[0.513s] DEBUG:colcon.colcon_core.package_identification:Package 'sensor_type_interface' with type 'ros.ament_cmake' and name 'sensor_type_interface'
[0.513s] Level 1:colcon.colcon_core.package_identification:_identify(serial_sensor_ros2) by extensions ['ignore', 'ignore_ament_install']
[0.513s] Level 1:colcon.colcon_core.package_identification:_identify(serial_sensor_ros2) by extension 'ignore'
[0.513s] Level 1:colcon.colcon_core.package_identification:_identify(serial_sensor_ros2) by extension 'ignore_ament_install'
[0.513s] Level 1:colcon.colcon_core.package_identification:_identify(serial_sensor_ros2) by extensions ['colcon_pkg']
[0.513s] Level 1:colcon.colcon_core.package_identification:_identify(serial_sensor_ros2) by extension 'colcon_pkg'
[0.513s] Level 1:colcon.colcon_core.package_identification:_identify(serial_sensor_ros2) by extensions ['colcon_meta']
[0.513s] Level 1:colcon.colcon_core.package_identification:_identify(serial_sensor_ros2) by extension 'colcon_meta'
[0.513s] Level 1:colcon.colcon_core.package_identification:_identify(serial_sensor_ros2) by extensions ['ros']
[0.513s] Level 1:colcon.colcon_core.package_identification:_identify(serial_sensor_ros2) by extension 'ros'
[0.514s] DEBUG:colcon.colcon_core.package_identification:Package 'serial_sensor_ros2' with type 'ros.ament_python' and name 'serial_sensor_ros2'
[0.514s] Level 1:colcon.colcon_core.package_discovery:discover_packages(recursive) using defaults
[0.515s] Level 1:colcon.colcon_core.package_discovery:discover_packages(ignore) discover
[0.515s] Level 1:colcon.colcon_core.package_discovery:discover_packages(ignore) using defaults
[0.515s] Level 1:colcon.colcon_core.package_discovery:discover_packages(path) discover
[0.515s] Level 1:colcon.colcon_core.package_discovery:discover_packages(path) using defaults
[0.550s] Level 1:colcon.colcon_core.package_discovery:discover_packages(prefix_path) check parameters
[0.550s] Level 1:colcon.colcon_core.package_discovery:discover_packages(prefix_path) discover
[0.557s] DEBUG:colcon.colcon_installed_package_information.package_discovery:Found 2 installed packages in /home/asd/temp_git_repo/Mobile_Arduino_Serial_sensor_ros2_wraper/install
[0.558s] DEBUG:colcon.colcon_installed_package_information.package_discovery:Found 3 installed packages in /home/asd/microros_ws/install
[0.559s] DEBUG:colcon.colcon_installed_package_information.package_discovery:Found 9 installed packages in /home/asd/ros2_ws_goat2/install
[0.560s] DEBUG:colcon.colcon_installed_package_information.package_discovery:Found 4 installed packages in /home/asd/ros2_ws6/install
[0.561s] DEBUG:colcon.colcon_installed_package_information.package_discovery:Found 3 installed packages in /home/asd/ros2_ws4/install
[0.562s] DEBUG:colcon.colcon_installed_package_information.package_discovery:Found 2 installed packages in /home/asd/ros2_ws2/install
[0.563s] DEBUG:colcon.colcon_installed_package_information.package_discovery:Found 6 installed packages in /home/asd/ros2_ws/install
[0.564s] DEBUG:colcon.colcon_installed_package_information.package_discovery:Found 16 installed packages in /home/asd/ros2_ws_hardware_int/install
[0.565s] DEBUG:colcon.colcon_installed_package_information.package_discovery:Found 8 installed packages in /home/asd/ros2_ws9/install
[0.566s] DEBUG:colcon.colcon_installed_package_information.package_discovery:Found 3 installed packages in /home/asd/ros2_ws7/install
[0.567s] DEBUG:colcon.colcon_installed_package_information.package_discovery:Found 1 installed packages in /home/asd/ros2_ws_hardware_int2/install
[0.568s] DEBUG:colcon.colcon_installed_package_information.package_discovery:Found 4 installed packages in /home/asd/ros2_ws_glim/install
[0.568s] DEBUG:colcon.colcon_installed_package_information.package_discovery:Found 1 installed packages in /home/asd/ros2_ws_to_build/install
[0.572s] DEBUG:colcon.colcon_installed_package_information.package_discovery:Found 504 installed packages in /opt/ros/humble
[0.577s] Level 1:colcon.colcon_core.package_discovery:discover_packages(prefix_path) using defaults
[0.679s] Level 5:colcon.colcon_core.verb:set package 'sensor_type_interface' build argument 'cmake_args' from command line to 'None'
[0.679s] Level 5:colcon.colcon_core.verb:set package 'sensor_type_interface' build argument 'cmake_target' from command line to 'None'
[0.679s] Level 5:colcon.colcon_core.verb:set package 'sensor_type_interface' build argument 'cmake_target_skip_unavailable' from command line to 'False'
[0.679s] Level 5:colcon.colcon_core.verb:set package 'sensor_type_interface' build argument 'cmake_clean_cache' from command line to 'False'
[0.679s] Level 5:colcon.colcon_core.verb:set package 'sensor_type_interface' build argument 'cmake_clean_first' from command line to 'False'
[0.679s] Level 5:colcon.colcon_core.verb:set package 'sensor_type_interface' build argument 'cmake_force_configure' from command line to 'False'
[0.679s] Level 5:colcon.colcon_core.verb:set package 'sensor_type_interface' build argument 'ament_cmake_args' from command line to 'None'
[0.679s] Level 5:colcon.colcon_core.verb:set package 'sensor_type_interface' build argument 'catkin_cmake_args' from command line to 'None'
[0.679s] Level 5:colcon.colcon_core.verb:set package 'sensor_type_interface' build argument 'catkin_skip_building_tests' from command line to 'False'
[0.679s] DEBUG:colcon.colcon_core.verb:Building package 'sensor_type_interface' with the following arguments: {'ament_cmake_args': None, 'build_base': '/home/asd/temp_git_repo/Mobile_Arduino_Serial_sensor_ros2_wraper/build/sensor_type_interface', 'catkin_cmake_args': None, 'catkin_skip_building_tests': False, 'cmake_args': None, 'cmake_clean_cache': False, 'cmake_clean_first': False, 'cmake_force_configure': False, 'cmake_target': None, 'cmake_target_skip_unavailable': False, 'install_base': '/home/asd/temp_git_repo/Mobile_Arduino_Serial_sensor_ros2_wraper/install/sensor_type_interface', 'merge_install': False, 'path': '/home/asd/temp_git_repo/Mobile_Arduino_Serial_sensor_ros2_wraper/sensor_type_interface', 'symlink_install': False, 'test_result_base': None}
[0.680s] Level 5:colcon.colcon_core.verb:set package 'serial_sensor_ros2' build argument 'cmake_args' from command line to 'None'
[0.680s] Level 5:colcon.colcon_core.verb:set package 'serial_sensor_ros2' build argument 'cmake_target' from command line to 'None'
[0.680s] Level 5:colcon.colcon_core.verb:set package 'serial_sensor_ros2' build argument 'cmake_target_skip_unavailable' from command line to 'False'
[0.680s] Level 5:colcon.colcon_core.verb:set package 'serial_sensor_ros2' build argument 'cmake_clean_cache' from command line to 'False'
[0.680s] Level 5:colcon.colcon_core.verb:set package 'serial_sensor_ros2' build argument 'cmake_clean_first' from command line to 'False'
[0.680s] Level 5:colcon.colcon_core.verb:set package 'serial_sensor_ros2' build argument 'cmake_force_configure' from command line to 'False'
[0.680s] Level 5:colcon.colcon_core.verb:set package 'serial_sensor_ros2' build argument 'ament_cmake_args' from command line to 'None'
[0.680s] Level 5:colcon.colcon_core.verb:set package 'serial_sensor_ros2' build argument 'catkin_cmake_args' from command line to 'None'
[0.680s] Level 5:colcon.colcon_core.verb:set package 'serial_sensor_ros2' build argument 'catkin_skip_building_tests' from command line to 'False'
[0.680s] DEBUG:colcon.colcon_core.verb:Building package 'serial_sensor_ros2' with the following arguments: {'ament_cmake_args': None, 'build_base': '/home/asd/temp_git_repo/Mobile_Arduino_Serial_sensor_ros2_wraper/build/serial_sensor_ros2', 'catkin_cmake_args': None, 'catkin_skip_building_tests': False, 'cmake_args': None, 'cmake_clean_cache': False, 'cmake_clean_first': False, 'cmake_force_configure': False, 'cmake_target': None, 'cmake_target_skip_unavailable': False, 'install_base': '/home/asd/temp_git_repo/Mobile_Arduino_Serial_sensor_ros2_wraper/install/serial_sensor_ros2', 'merge_install': False, 'path': '/home/asd/temp_git_repo/Mobile_Arduino_Serial_sensor_ros2_wraper/serial_sensor_ros2', 'symlink_install': False, 'test_result_base': None}
[0.681s] INFO:colcon.colcon_core.executor:Executing jobs using 'parallel' executor
[0.682s] DEBUG:colcon.colcon_parallel_executor.executor.parallel:run_until_complete
[0.682s] INFO:colcon.colcon_ros.task.ament_cmake.build:Building ROS package in '/home/asd/temp_git_repo/Mobile_Arduino_Serial_sensor_ros2_wraper/sensor_type_interface' with build type 'ament_cmake'
[0.682s] INFO:colcon.colcon_cmake.task.cmake.build:Building CMake package in '/home/asd/temp_git_repo/Mobile_Arduino_Serial_sensor_ros2_wraper/sensor_type_interface'
[0.686s] INFO:colcon.colcon_core.plugin_system:Skipping extension 'colcon_core.shell.bat': Not used on non-Windows systems
[0.686s] INFO:colcon.colcon_core.shell:Skip shell extension 'powershell' for command environment: Not usable outside of PowerShell
[0.686s] DEBUG:colcon.colcon_core.shell:Skip shell extension 'dsv' for command environment
[0.723s] DEBUG:colcon.colcon_core.event_handler.log_command:Invoking command in '/home/asd/temp_git_repo/Mobile_Arduino_Serial_sensor_ros2_wraper/build/sensor_type_interface': CMAKE_PREFIX_PATH=${CMAKE_PREFIX_PATH}:/home/asd/temp_git_repo/Mobile_Arduino_Serial_sensor_ros2_wraper/install/serial_sensor_ros2:/home/asd/ros2_ws_goat2/install/multi_robo_simulator:/home/asd/ros2_ws_goat2/install/micro_ros_server:/home/asd/ros2_ws_goat2/install/Qr_action:/home/asd/ros2_ws9/install/my_goat_pkg:/home/asd/ros2_ws7/install/my_py_pkg_anscer:/home/asd/ros2_ws4/install/esp_wifi:/home/asd/ros2_ws4/install/maping_odom:/home/asd/ros2_ws/install/turtlesim_catch_them_all:/home/asd/ros2_ws/install/my_py_pkg:/opt/ros/humble /usr/bin/cmake --build /home/asd/temp_git_repo/Mobile_Arduino_Serial_sensor_ros2_wraper/build/sensor_type_interface -- -j8 -l8
[1.549s] DEBUG:colcon.colcon_core.event_handler.log_command:Invoked command in '/home/asd/temp_git_repo/Mobile_Arduino_Serial_sensor_ros2_wraper/build/sensor_type_interface' returned '0': CMAKE_PREFIX_PATH=${CMAKE_PREFIX_PATH}:/home/asd/temp_git_repo/Mobile_Arduino_Serial_sensor_ros2_wraper/install/serial_sensor_ros2:/home/asd/ros2_ws_goat2/install/multi_robo_simulator:/home/asd/ros2_ws_goat2/install/micro_ros_server:/home/asd/ros2_ws_goat2/install/Qr_action:/home/asd/ros2_ws9/install/my_goat_pkg:/home/asd/ros2_ws7/install/my_py_pkg_anscer:/home/asd/ros2_ws4/install/esp_wifi:/home/asd/ros2_ws4/install/maping_odom:/home/asd/ros2_ws/install/turtlesim_catch_them_all:/home/asd/ros2_ws/install/my_py_pkg:/opt/ros/humble /usr/bin/cmake --build /home/asd/temp_git_repo/Mobile_Arduino_Serial_sensor_ros2_wraper/build/sensor_type_interface -- -j8 -l8
[1.570s] DEBUG:colcon.colcon_core.event_handler.log_command:Invoking command in '/home/asd/temp_git_repo/Mobile_Arduino_Serial_sensor_ros2_wraper/build/sensor_type_interface': CMAKE_PREFIX_PATH=${CMAKE_PREFIX_PATH}:/home/asd/temp_git_repo/Mobile_Arduino_Serial_sensor_ros2_wraper/install/serial_sensor_ros2:/home/asd/ros2_ws_goat2/install/multi_robo_simulator:/home/asd/ros2_ws_goat2/install/micro_ros_server:/home/asd/ros2_ws_goat2/install/Qr_action:/home/asd/ros2_ws9/install/my_goat_pkg:/home/asd/ros2_ws7/install/my_py_pkg_anscer:/home/asd/ros2_ws4/install/esp_wifi:/home/asd/ros2_ws4/install/maping_odom:/home/asd/ros2_ws/install/turtlesim_catch_them_all:/home/asd/ros2_ws/install/my_py_pkg:/opt/ros/humble /usr/bin/cmake --install /home/asd/temp_git_repo/Mobile_Arduino_Serial_sensor_ros2_wraper/build/sensor_type_interface
[1.690s] Level 1:colcon.colcon_core.environment:create_environment_scripts_only(sensor_type_interface)
[1.691s] DEBUG:colcon.colcon_core.event_handler.log_command:Invoked command in '/home/asd/temp_git_repo/Mobile_Arduino_Serial_sensor_ros2_wraper/build/sensor_type_interface' returned '0': CMAKE_PREFIX_PATH=${CMAKE_PREFIX_PATH}:/home/asd/temp_git_repo/Mobile_Arduino_Serial_sensor_ros2_wraper/install/serial_sensor_ros2:/home/asd/ros2_ws_goat2/install/multi_robo_simulator:/home/asd/ros2_ws_goat2/install/micro_ros_server:/home/asd/ros2_ws_goat2/install/Qr_action:/home/asd/ros2_ws9/install/my_goat_pkg:/home/asd/ros2_ws7/install/my_py_pkg_anscer:/home/asd/ros2_ws4/install/esp_wifi:/home/asd/ros2_ws4/install/maping_odom:/home/asd/ros2_ws/install/turtlesim_catch_them_all:/home/asd/ros2_ws/install/my_py_pkg:/opt/ros/humble /usr/bin/cmake --install /home/asd/temp_git_repo/Mobile_Arduino_Serial_sensor_ros2_wraper/build/sensor_type_interface
[1.696s] Level 1:colcon.colcon_core.environment:checking '/home/asd/temp_git_repo/Mobile_Arduino_Serial_sensor_ros2_wraper/install/sensor_type_interface' for CMake module files
[1.698s] Level 1:colcon.colcon_core.environment:checking '/home/asd/temp_git_repo/Mobile_Arduino_Serial_sensor_ros2_wraper/install/sensor_type_interface' for CMake config files
[1.699s] Level 1:colcon.colcon_core.shell:create_environment_hook('sensor_type_interface', 'cmake_prefix_path')
[1.699s] INFO:colcon.colcon_core.shell:Creating environment hook '/home/asd/temp_git_repo/Mobile_Arduino_Serial_sensor_ros2_wraper/install/sensor_type_interface/share/sensor_type_interface/hook/cmake_prefix_path.ps1'
[1.701s] INFO:colcon.colcon_core.shell:Creating environment descriptor '/home/asd/temp_git_repo/Mobile_Arduino_Serial_sensor_ros2_wraper/install/sensor_type_interface/share/sensor_type_interface/hook/cmake_prefix_path.dsv'
[1.702s] INFO:colcon.colcon_core.shell:Creating environment hook '/home/asd/temp_git_repo/Mobile_Arduino_Serial_sensor_ros2_wraper/install/sensor_type_interface/share/sensor_type_interface/hook/cmake_prefix_path.sh'
[1.703s] Level 1:colcon.colcon_core.environment:checking '/home/asd/temp_git_repo/Mobile_Arduino_Serial_sensor_ros2_wraper/install/sensor_type_interface/lib'
[1.704s] Level 1:colcon.colcon_core.shell:create_environment_hook('sensor_type_interface', 'ld_library_path_lib')
[1.704s] INFO:colcon.colcon_core.shell:Creating environment hook '/home/asd/temp_git_repo/Mobile_Arduino_Serial_sensor_ros2_wraper/install/sensor_type_interface/share/sensor_type_interface/hook/ld_library_path_lib.ps1'
[1.705s] INFO:colcon.colcon_core.shell:Creating environment descriptor '/home/asd/temp_git_repo/Mobile_Arduino_Serial_sensor_ros2_wraper/install/sensor_type_interface/share/sensor_type_interface/hook/ld_library_path_lib.dsv'
[1.706s] INFO:colcon.colcon_core.shell:Creating environment hook '/home/asd/temp_git_repo/Mobile_Arduino_Serial_sensor_ros2_wraper/install/sensor_type_interface/share/sensor_type_interface/hook/ld_library_path_lib.sh'
[1.706s] Level 1:colcon.colcon_core.environment:checking '/home/asd/temp_git_repo/Mobile_Arduino_Serial_sensor_ros2_wraper/install/sensor_type_interface/bin'
[1.707s] Level 1:colcon.colcon_core.environment:checking '/home/asd/temp_git_repo/Mobile_Arduino_Serial_sensor_ros2_wraper/install/sensor_type_interface/lib/pkgconfig/sensor_type_interface.pc'
[1.707s] Level 1:colcon.colcon_core.environment:checking '/home/asd/temp_git_repo/Mobile_Arduino_Serial_sensor_ros2_wraper/install/sensor_type_interface/lib/python3.10/site-packages'
[1.708s] Level 1:colcon.colcon_core.environment:checking '/home/asd/temp_git_repo/Mobile_Arduino_Serial_sensor_ros2_wraper/install/sensor_type_interface/bin'
[1.708s] INFO:colcon.colcon_core.shell:Creating package script '/home/asd/temp_git_repo/Mobile_Arduino_Serial_sensor_ros2_wraper/install/sensor_type_interface/share/sensor_type_interface/package.ps1'
[1.710s] INFO:colcon.colcon_core.shell:Creating package descriptor '/home/asd/temp_git_repo/Mobile_Arduino_Serial_sensor_ros2_wraper/install/sensor_type_interface/share/sensor_type_interface/package.dsv'
[1.712s] INFO:colcon.colcon_core.shell:Creating package script '/home/asd/temp_git_repo/Mobile_Arduino_Serial_sensor_ros2_wraper/install/sensor_type_interface/share/sensor_type_interface/package.sh'
[1.714s] INFO:colcon.colcon_core.shell:Creating package script '/home/asd/temp_git_repo/Mobile_Arduino_Serial_sensor_ros2_wraper/install/sensor_type_interface/share/sensor_type_interface/package.bash'
[1.716s] INFO:colcon.colcon_core.shell:Creating package script '/home/asd/temp_git_repo/Mobile_Arduino_Serial_sensor_ros2_wraper/install/sensor_type_interface/share/sensor_type_interface/package.zsh'
[1.717s] Level 1:colcon.colcon_core.environment:create_file_with_runtime_dependencies(/home/asd/temp_git_repo/Mobile_Arduino_Serial_sensor_ros2_wraper/install/sensor_type_interface/share/colcon-core/packages/sensor_type_interface)
[1.719s] Level 1:colcon.colcon_core.environment:create_environment_scripts_only(sensor_type_interface)
[1.720s] Level 1:colcon.colcon_core.environment:checking '/home/asd/temp_git_repo/Mobile_Arduino_Serial_sensor_ros2_wraper/install/sensor_type_interface' for CMake module files
[1.721s] Level 1:colcon.colcon_core.environment:checking '/home/asd/temp_git_repo/Mobile_Arduino_Serial_sensor_ros2_wraper/install/sensor_type_interface' for CMake config files
[1.722s] Level 1:colcon.colcon_core.shell:create_environment_hook('sensor_type_interface', 'cmake_prefix_path')
[1.723s] INFO:colcon.colcon_core.shell:Creating environment hook '/home/asd/temp_git_repo/Mobile_Arduino_Serial_sensor_ros2_wraper/install/sensor_type_interface/share/sensor_type_interface/hook/cmake_prefix_path.ps1'
[1.724s] INFO:colcon.colcon_core.shell:Creating environment descriptor '/home/asd/temp_git_repo/Mobile_Arduino_Serial_sensor_ros2_wraper/install/sensor_type_interface/share/sensor_type_interface/hook/cmake_prefix_path.dsv'
[1.725s] INFO:colcon.colcon_core.shell:Creating environment hook '/home/asd/temp_git_repo/Mobile_Arduino_Serial_sensor_ros2_wraper/install/sensor_type_interface/share/sensor_type_interface/hook/cmake_prefix_path.sh'
[1.726s] Level 1:colcon.colcon_core.environment:checking '/home/asd/temp_git_repo/Mobile_Arduino_Serial_sensor_ros2_wraper/install/sensor_type_interface/lib'
[1.726s] Level 1:colcon.colcon_core.shell:create_environment_hook('sensor_type_interface', 'ld_library_path_lib')
[1.727s] INFO:colcon.colcon_core.shell:Creating environment hook '/home/asd/temp_git_repo/Mobile_Arduino_Serial_sensor_ros2_wraper/install/sensor_type_interface/share/sensor_type_interface/hook/ld_library_path_lib.ps1'
[1.727s] INFO:colcon.colcon_core.shell:Creating environment descriptor '/home/asd/temp_git_repo/Mobile_Arduino_Serial_sensor_ros2_wraper/install/sensor_type_interface/share/sensor_type_interface/hook/ld_library_path_lib.dsv'
[1.728s] INFO:colcon.colcon_core.shell:Creating environment hook '/home/asd/temp_git_repo/Mobile_Arduino_Serial_sensor_ros2_wraper/install/sensor_type_interface/share/sensor_type_interface/hook/ld_library_path_lib.sh'
[1.730s] Level 1:colcon.colcon_core.environment:checking '/home/asd/temp_git_repo/Mobile_Arduino_Serial_sensor_ros2_wraper/install/sensor_type_interface/bin'
[1.730s] Level 1:colcon.colcon_core.environment:checking '/home/asd/temp_git_repo/Mobile_Arduino_Serial_sensor_ros2_wraper/install/sensor_type_interface/lib/pkgconfig/sensor_type_interface.pc'
[1.730s] Level 1:colcon.colcon_core.environment:checking '/home/asd/temp_git_repo/Mobile_Arduino_Serial_sensor_ros2_wraper/install/sensor_type_interface/lib/python3.10/site-packages'
[1.731s] Level 1:colcon.colcon_core.environment:checking '/home/asd/temp_git_repo/Mobile_Arduino_Serial_sensor_ros2_wraper/install/sensor_type_interface/bin'
[1.732s] INFO:colcon.colcon_core.shell:Creating package script '/home/asd/temp_git_repo/Mobile_Arduino_Serial_sensor_ros2_wraper/install/sensor_type_interface/share/sensor_type_interface/package.ps1'
[1.733s] INFO:colcon.colcon_core.shell:Creating package descriptor '/home/asd/temp_git_repo/Mobile_Arduino_Serial_sensor_ros2_wraper/install/sensor_type_interface/share/sensor_type_interface/package.dsv'
[1.734s] INFO:colcon.colcon_core.shell:Creating package script '/home/asd/temp_git_repo/Mobile_Arduino_Serial_sensor_ros2_wraper/install/sensor_type_interface/share/sensor_type_interface/package.sh'
[1.735s] INFO:colcon.colcon_core.shell:Creating package script '/home/asd/temp_git_repo/Mobile_Arduino_Serial_sensor_ros2_wraper/install/sensor_type_interface/share/sensor_type_interface/package.bash'
[1.735s] INFO:colcon.colcon_core.shell:Creating package script '/home/asd/temp_git_repo/Mobile_Arduino_Serial_sensor_ros2_wraper/install/sensor_type_interface/share/sensor_type_interface/package.zsh'
[1.736s] Level 1:colcon.colcon_core.environment:create_file_with_runtime_dependencies(/home/asd/temp_git_repo/Mobile_Arduino_Serial_sensor_ros2_wraper/install/sensor_type_interface/share/colcon-core/packages/sensor_type_interface)
[1.737s] INFO:colcon.colcon_ros.task.ament_python.build:Building ROS package in '/home/asd/temp_git_repo/Mobile_Arduino_Serial_sensor_ros2_wraper/serial_sensor_ros2' with build type 'ament_python'
[1.737s] Level 1:colcon.colcon_core.shell:create_environment_hook('serial_sensor_ros2', 'ament_prefix_path')
[1.738s] INFO:colcon.colcon_core.shell:Creating environment hook '/home/asd/temp_git_repo/Mobile_Arduino_Serial_sensor_ros2_wraper/install/serial_sensor_ros2/share/serial_sensor_ros2/hook/ament_prefix_path.ps1'
[1.739s] INFO:colcon.colcon_core.shell:Creating environment descriptor '/home/asd/temp_git_repo/Mobile_Arduino_Serial_sensor_ros2_wraper/install/serial_sensor_ros2/share/serial_sensor_ros2/hook/ament_prefix_path.dsv'
[1.740s] INFO:colcon.colcon_core.shell:Creating environment hook '/home/asd/temp_git_repo/Mobile_Arduino_Serial_sensor_ros2_wraper/install/serial_sensor_ros2/share/serial_sensor_ros2/hook/ament_prefix_path.sh'
[1.741s] INFO:colcon.colcon_core.shell:Skip shell extension 'powershell' for command environment: Not usable outside of PowerShell
[1.741s] DEBUG:colcon.colcon_core.shell:Skip shell extension 'dsv' for command environment
[2.305s] INFO:colcon.colcon_core.task.python.build:Building Python package in '/home/asd/temp_git_repo/Mobile_Arduino_Serial_sensor_ros2_wraper/serial_sensor_ros2'
[2.305s] INFO:colcon.colcon_core.shell:Skip shell extension 'powershell' for command environment: Not usable outside of PowerShell
[2.305s] DEBUG:colcon.colcon_core.shell:Skip shell extension 'dsv' for command environment
[3.239s] DEBUG:colcon.colcon_core.event_handler.log_command:Invoking command in '/home/asd/temp_git_repo/Mobile_Arduino_Serial_sensor_ros2_wraper/serial_sensor_ros2': LD_LIBRARY_PATH=/home/asd/temp_git_repo/Mobile_Arduino_Serial_sensor_ros2_wraper/install/sensor_type_interface/lib:/home/asd/ros2_ws_to_build/install/rmw_cyclonedds_cpp/lib:/home/asd/microros_ws/install/micro_ros_agent/lib:/home/asd/microros_ws/install/micro_ros_msgs/lib:/home/asd/ros2_ws_goat2/install/swarm_interfaces/lib:/home/asd/ros2_ws_goat2/install/micro_ros_custom_interfaces/lib:/home/asd/ros2_ws_goat2/install/apex_bot/lib:/home/asd/ros2_ws9/install/goat_interfaces/lib:/home/asd/ros2_ws7/install/custom_interfaces_anscer/lib:/home/asd/ros2_ws_hardware_int2/install/ros2_control_demo_example_2/lib:/home/asd/ros2_ws_hardware_int/install/ros2_control_demo_example_9/lib:/home/asd/ros2_ws_hardware_int/install/ros2_control_demo_example_8/lib:/home/asd/ros2_ws_hardware_int/install/ros2_control_demo_example_7/lib:/home/asd/ros2_ws_hardware_int/install/ros2_control_demo_example_6/lib:/home/asd/ros2_ws_hardware_int/install/ros2_control_demo_example_5/lib:/home/asd/ros2_ws_hardware_int/install/ros2_control_demo_example_4/lib:/home/asd/ros2_ws_hardware_int/install/ros2_control_demo_example_3/lib:/home/asd/ros2_ws_hardware_int/install/ros2_control_demo_example_14/lib:/home/asd/ros2_ws_hardware_int/install/ros2_control_demo_example_12/lib:/home/asd/ros2_ws_hardware_int/install/ros2_control_demo_example_11/lib:/home/asd/ros2_ws_hardware_int/install/ros2_control_demo_example_10/lib:/home/asd/ros2_ws_hardware_int/install/ros2_control_demo_example_1/lib:/home/asd/ros2_ws_glim/install/gtsam_points/lib:/home/asd/ros2_ws_glim/install/iridescence/lib:/home/asd/ros2_ws_glim/install/glim_ros/lib:/home/asd/ros2_ws_glim/install/glim/lib:/home/asd/ros2_ws4/install/my_interfaces/lib:/home/asd/ros2_ws/install/my_robot_interfaces/lib:/usr/lib/x86_64-linux-gnu/gazebo-11/plugins:/opt/ros/humble/opt/rviz_ogre_vendor/lib:/opt/ros/humble/lib/x86_64-linux-gnu:/opt/ros/humble/lib:/usr/share/gazebo/../../lib/x86_64-linux-gnu/gazebo-11/plugins PYTHONPATH=/home/asd/temp_git_repo/Mobile_Arduino_Serial_sensor_ros2_wraper/build/serial_sensor_ros2/prefix_override:/usr/lib/python3/dist-packages/colcon_core/task/python/colcon_distutils_commands:/home/asd/temp_git_repo/Mobile_Arduino_Serial_sensor_ros2_wraper/install/serial_sensor_ros2/lib/python3.10/site-packages:${PYTHONPATH} /usr/bin/python3 -W ignore:setup.py install is deprecated -W ignore:easy_install command is deprecated setup.py egg_info --egg-base ../build/serial_sensor_ros2 build --build-base /home/asd/temp_git_repo/Mobile_Arduino_Serial_sensor_ros2_wraper/build/serial_sensor_ros2/build install --record /home/asd/temp_git_repo/Mobile_Arduino_Serial_sensor_ros2_wraper/build/serial_sensor_ros2/install.log --single-version-externally-managed install_data
[3.907s] Level 1:colcon.colcon_core.environment:checking '/home/asd/temp_git_repo/Mobile_Arduino_Serial_sensor_ros2_wraper/install/serial_sensor_ros2' for CMake module files
[3.908s] DEBUG:colcon.colcon_core.event_handler.log_command:Invoked command in '/home/asd/temp_git_repo/Mobile_Arduino_Serial_sensor_ros2_wraper/serial_sensor_ros2' returned '0': LD_LIBRARY_PATH=/home/asd/temp_git_repo/Mobile_Arduino_Serial_sensor_ros2_wraper/install/sensor_type_interface/lib:/home/asd/ros2_ws_to_build/install/rmw_cyclonedds_cpp/lib:/home/asd/microros_ws/install/micro_ros_agent/lib:/home/asd/microros_ws/install/micro_ros_msgs/lib:/home/asd/ros2_ws_goat2/install/swarm_interfaces/lib:/home/asd/ros2_ws_goat2/install/micro_ros_custom_interfaces/lib:/home/asd/ros2_ws_goat2/install/apex_bot/lib:/home/asd/ros2_ws9/install/goat_interfaces/lib:/home/asd/ros2_ws7/install/custom_interfaces_anscer/lib:/home/asd/ros2_ws_hardware_int2/install/ros2_control_demo_example_2/lib:/home/asd/ros2_ws_hardware_int/install/ros2_control_demo_example_9/lib:/home/asd/ros2_ws_hardware_int/install/ros2_control_demo_example_8/lib:/home/asd/ros2_ws_hardware_int/install/ros2_control_demo_example_7/lib:/home/asd/ros2_ws_hardware_int/install/ros2_control_demo_example_6/lib:/home/asd/ros2_ws_hardware_int/install/ros2_control_demo_example_5/lib:/home/asd/ros2_ws_hardware_int/install/ros2_control_demo_example_4/lib:/home/asd/ros2_ws_hardware_int/install/ros2_control_demo_example_3/lib:/home/asd/ros2_ws_hardware_int/install/ros2_control_demo_example_14/lib:/home/asd/ros2_ws_hardware_int/install/ros2_control_demo_example_12/lib:/home/asd/ros2_ws_hardware_int/install/ros2_control_demo_example_11/lib:/home/asd/ros2_ws_hardware_int/install/ros2_control_demo_example_10/lib:/home/asd/ros2_ws_hardware_int/install/ros2_control_demo_example_1/lib:/home/asd/ros2_ws_glim/install/gtsam_points/lib:/home/asd/ros2_ws_glim/install/iridescence/lib:/home/asd/ros2_ws_glim/install/glim_ros/lib:/home/asd/ros2_ws_glim/install/glim/lib:/home/asd/ros2_ws4/install/my_interfaces/lib:/home/asd/ros2_ws/install/my_robot_interfaces/lib:/usr/lib/x86_64-linux-gnu/gazebo-11/plugins:/opt/ros/humble/opt/rviz_ogre_vendor/lib:/opt/ros/humble/lib/x86_64-linux-gnu:/opt/ros/humble/lib:/usr/share/gazebo/../../lib/x86_64-linux-gnu/gazebo-11/plugins PYTHONPATH=/home/asd/temp_git_repo/Mobile_Arduino_Serial_sensor_ros2_wraper/build/serial_sensor_ros2/prefix_override:/usr/lib/python3/dist-packages/colcon_core/task/python/colcon_distutils_commands:/home/asd/temp_git_repo/Mobile_Arduino_Serial_sensor_ros2_wraper/install/serial_sensor_ros2/lib/python3.10/site-packages:${PYTHONPATH} /usr/bin/python3 -W ignore:setup.py install is deprecated -W ignore:easy_install command is deprecated setup.py egg_info --egg-base ../build/serial_sensor_ros2 build --build-base /home/asd/temp_git_repo/Mobile_Arduino_Serial_sensor_ros2_wraper/build/serial_sensor_ros2/build install --record /home/asd/temp_git_repo/Mobile_Arduino_Serial_sensor_ros2_wraper/build/serial_sensor_ros2/install.log --single-version-externally-managed install_data
[3.909s] Level 1:colcon.colcon_core.environment:checking '/home/asd/temp_git_repo/Mobile_Arduino_Serial_sensor_ros2_wraper/install/serial_sensor_ros2' for CMake config files
[3.909s] Level 1:colcon.colcon_core.environment:checking '/home/asd/temp_git_repo/Mobile_Arduino_Serial_sensor_ros2_wraper/install/serial_sensor_ros2/lib'
[3.910s] Level 1:colcon.colcon_core.environment:checking '/home/asd/temp_git_repo/Mobile_Arduino_Serial_sensor_ros2_wraper/install/serial_sensor_ros2/bin'
[3.910s] Level 1:colcon.colcon_core.environment:checking '/home/asd/temp_git_repo/Mobile_Arduino_Serial_sensor_ros2_wraper/install/serial_sensor_ros2/lib/pkgconfig/serial_sensor_ros2.pc'
[3.910s] Level 1:colcon.colcon_core.environment:checking '/home/asd/temp_git_repo/Mobile_Arduino_Serial_sensor_ros2_wraper/install/serial_sensor_ros2/lib/python3.10/site-packages'
[3.910s] Level 1:colcon.colcon_core.shell:create_environment_hook('serial_sensor_ros2', 'pythonpath')
[3.910s] INFO:colcon.colcon_core.shell:Creating environment hook '/home/asd/temp_git_repo/Mobile_Arduino_Serial_sensor_ros2_wraper/install/serial_sensor_ros2/share/serial_sensor_ros2/hook/pythonpath.ps1'
[3.911s] INFO:colcon.colcon_core.shell:Creating environment descriptor '/home/asd/temp_git_repo/Mobile_Arduino_Serial_sensor_ros2_wraper/install/serial_sensor_ros2/share/serial_sensor_ros2/hook/pythonpath.dsv'
[3.912s] INFO:colcon.colcon_core.shell:Creating environment hook '/home/asd/temp_git_repo/Mobile_Arduino_Serial_sensor_ros2_wraper/install/serial_sensor_ros2/share/serial_sensor_ros2/hook/pythonpath.sh'
[3.913s] Level 1:colcon.colcon_core.environment:checking '/home/asd/temp_git_repo/Mobile_Arduino_Serial_sensor_ros2_wraper/install/serial_sensor_ros2/bin'
[3.913s] Level 1:colcon.colcon_core.environment:create_environment_scripts_only(serial_sensor_ros2)
[3.913s] INFO:colcon.colcon_core.shell:Creating package script '/home/asd/temp_git_repo/Mobile_Arduino_Serial_sensor_ros2_wraper/install/serial_sensor_ros2/share/serial_sensor_ros2/package.ps1'
[3.914s] INFO:colcon.colcon_core.shell:Creating package descriptor '/home/asd/temp_git_repo/Mobile_Arduino_Serial_sensor_ros2_wraper/install/serial_sensor_ros2/share/serial_sensor_ros2/package.dsv'
[3.915s] INFO:colcon.colcon_core.shell:Creating package script '/home/asd/temp_git_repo/Mobile_Arduino_Serial_sensor_ros2_wraper/install/serial_sensor_ros2/share/serial_sensor_ros2/package.sh'
[3.916s] INFO:colcon.colcon_core.shell:Creating package script '/home/asd/temp_git_repo/Mobile_Arduino_Serial_sensor_ros2_wraper/install/serial_sensor_ros2/share/serial_sensor_ros2/package.bash'
[3.916s] INFO:colcon.colcon_core.shell:Creating package script '/home/asd/temp_git_repo/Mobile_Arduino_Serial_sensor_ros2_wraper/install/serial_sensor_ros2/share/serial_sensor_ros2/package.zsh'
[3.917s] Level 1:colcon.colcon_core.environment:create_file_with_runtime_dependencies(/home/asd/temp_git_repo/Mobile_Arduino_Serial_sensor_ros2_wraper/install/serial_sensor_ros2/share/colcon-core/packages/serial_sensor_ros2)
[3.917s] DEBUG:colcon.colcon_parallel_executor.executor.parallel:closing loop
[3.918s] DEBUG:colcon.colcon_parallel_executor.executor.parallel:loop closed
[3.918s] DEBUG:colcon.colcon_parallel_executor.executor.parallel:run_until_complete finished with '0'
[3.918s] DEBUG:colcon.colcon_core.event_reactor:joining thread
[3.933s] INFO:colcon.colcon_core.plugin_system:Skipping extension 'colcon_notification.desktop_notification.terminal_notifier': Not used on non-Darwin systems
[3.933s] INFO:colcon.colcon_core.plugin_system:Skipping extension 'colcon_notification.desktop_notification.win32': Not used on non-Windows systems
[3.933s] INFO:colcon.colcon_notification.desktop_notification:Sending desktop notification using 'notify2'
[3.955s] DEBUG:colcon.colcon_core.event_reactor:joined thread
[3.956s] INFO:colcon.colcon_core.shell:Creating prefix script '/home/asd/temp_git_repo/Mobile_Arduino_Serial_sensor_ros2_wraper/install/local_setup.ps1'
[3.959s] INFO:colcon.colcon_core.shell:Creating prefix util module '/home/asd/temp_git_repo/Mobile_Arduino_Serial_sensor_ros2_wraper/install/_local_setup_util_ps1.py'
[3.965s] INFO:colcon.colcon_core.shell:Creating prefix chain script '/home/asd/temp_git_repo/Mobile_Arduino_Serial_sensor_ros2_wraper/install/setup.ps1'
[3.976s] INFO:colcon.colcon_core.shell:Creating prefix script '/home/asd/temp_git_repo/Mobile_Arduino_Serial_sensor_ros2_wraper/install/local_setup.sh'
[3.978s] INFO:colcon.colcon_core.shell:Creating prefix util module '/home/asd/temp_git_repo/Mobile_Arduino_Serial_sensor_ros2_wraper/install/_local_setup_util_sh.py'
[3.980s] INFO:colcon.colcon_core.shell:Creating prefix chain script '/home/asd/temp_git_repo/Mobile_Arduino_Serial_sensor_ros2_wraper/install/setup.sh'
[3.992s] INFO:colcon.colcon_core.shell:Creating prefix script '/home/asd/temp_git_repo/Mobile_Arduino_Serial_sensor_ros2_wraper/install/local_setup.bash'
[3.994s] INFO:colcon.colcon_core.shell:Creating prefix chain script '/home/asd/temp_git_repo/Mobile_Arduino_Serial_sensor_ros2_wraper/install/setup.bash'
[4.005s] INFO:colcon.colcon_core.shell:Creating prefix script '/home/asd/temp_git_repo/Mobile_Arduino_Serial_sensor_ros2_wraper/install/local_setup.zsh'
[4.007s] INFO:colcon.colcon_core.shell:Creating prefix chain script '/home/asd/temp_git_repo/Mobile_Arduino_Serial_sensor_ros2_wraper/install/setup.zsh'
