running egg_info
creating ../build/serial_sensor_ros2/serial_sensor_ros2.egg-info
writing ../build/serial_sensor_ros2/serial_sensor_ros2.egg-info/PKG-INFO
writing dependency_links to ../build/serial_sensor_ros2/serial_sensor_ros2.egg-info/dependency_links.txt
writing entry points to ../build/serial_sensor_ros2/serial_sensor_ros2.egg-info/entry_points.txt
writing requirements to ../build/serial_sensor_ros2/serial_sensor_ros2.egg-info/requires.txt
writing top-level names to ../build/serial_sensor_ros2/serial_sensor_ros2.egg-info/top_level.txt
writing manifest file '../build/serial_sensor_ros2/serial_sensor_ros2.egg-info/SOURCES.txt'
reading manifest file '../build/serial_sensor_ros2/serial_sensor_ros2.egg-info/SOURCES.txt'
writing manifest file '../build/serial_sensor_ros2/serial_sensor_ros2.egg-info/SOURCES.txt'
running build
running build_py
creating /home/asd/temp_git_repo/Mobile_Arduino_Serial_sensor_ros2_wraper/build/serial_sensor_ros2/build
creating /home/asd/temp_git_repo/Mobile_Arduino_Serial_sensor_ros2_wraper/build/serial_sensor_ros2/build/lib
creating /home/asd/temp_git_repo/Mobile_Arduino_Serial_sensor_ros2_wraper/build/serial_sensor_ros2/build/lib/serial_sensor_ros2
copying serial_sensor_ros2/serial_sensor_udp.py -> /home/asd/temp_git_repo/Mobile_Arduino_Serial_sensor_ros2_wraper/build/serial_sensor_ros2/build/lib/serial_sensor_ros2
copying serial_sensor_ros2/__init__.py -> /home/asd/temp_git_repo/Mobile_Arduino_Serial_sensor_ros2_wraper/build/serial_sensor_ros2/build/lib/serial_sensor_ros2
running install
running install_lib
creating /home/asd/temp_git_repo/Mobile_Arduino_Serial_sensor_ros2_wraper/install/serial_sensor_ros2/lib/python3.10/site-packages/serial_sensor_ros2
copying /home/asd/temp_git_repo/Mobile_Arduino_Serial_sensor_ros2_wraper/build/serial_sensor_ros2/build/lib/serial_sensor_ros2/serial_sensor_udp.py -> /home/asd/temp_git_repo/Mobile_Arduino_Serial_sensor_ros2_wraper/install/serial_sensor_ros2/lib/python3.10/site-packages/serial_sensor_ros2
copying /home/asd/temp_git_repo/Mobile_Arduino_Serial_sensor_ros2_wraper/build/serial_sensor_ros2/build/lib/serial_sensor_ros2/__init__.py -> /home/asd/temp_git_repo/Mobile_Arduino_Serial_sensor_ros2_wraper/install/serial_sensor_ros2/lib/python3.10/site-packages/serial_sensor_ros2
byte-compiling /home/asd/temp_git_repo/Mobile_Arduino_Serial_sensor_ros2_wraper/install/serial_sensor_ros2/lib/python3.10/site-packages/serial_sensor_ros2/serial_sensor_udp.py to serial_sensor_udp.cpython-310.pyc
byte-compiling /home/asd/temp_git_repo/Mobile_Arduino_Serial_sensor_ros2_wraper/install/serial_sensor_ros2/lib/python3.10/site-packages/serial_sensor_ros2/__init__.py to __init__.cpython-310.pyc
running install_data
creating /home/asd/temp_git_repo/Mobile_Arduino_Serial_sensor_ros2_wraper/install/serial_sensor_ros2/share/ament_index
creating /home/asd/temp_git_repo/Mobile_Arduino_Serial_sensor_ros2_wraper/install/serial_sensor_ros2/share/ament_index/resource_index
creating /home/asd/temp_git_repo/Mobile_Arduino_Serial_sensor_ros2_wraper/install/serial_sensor_ros2/share/ament_index/resource_index/packages
copying resource/serial_sensor_ros2 -> /home/asd/temp_git_repo/Mobile_Arduino_Serial_sensor_ros2_wraper/install/serial_sensor_ros2/share/ament_index/resource_index/packages
copying package.xml -> /home/asd/temp_git_repo/Mobile_Arduino_Serial_sensor_ros2_wraper/install/serial_sensor_ros2/share/serial_sensor_ros2
running install_egg_info
Copying ../build/serial_sensor_ros2/serial_sensor_ros2.egg-info to /home/asd/temp_git_repo/Mobile_Arduino_Serial_sensor_ros2_wraper/install/serial_sensor_ros2/lib/python3.10/site-packages/serial_sensor_ros2-0.0.0-py3.10.egg-info
running install_scripts
writing list of installed files to '/home/asd/temp_git_repo/Mobile_Arduino_Serial_sensor_ros2_wraper/build/serial_sensor_ros2/install.log'
