[1.705s] Invoking command in '/home/asd/temp_git_repo/Mobile_Arduino_Serial_sensor_ros2_wraper/serial_sensor_ros2': PYTHONPATH=/home/asd/temp_git_repo/Mobile_Arduino_Serial_sensor_ros2_wraper/build/serial_sensor_ros2/prefix_override:/usr/lib/python3/dist-packages/colcon_core/task/python/colcon_distutils_commands:/home/asd/temp_git_repo/Mobile_Arduino_Serial_sensor_ros2_wraper/install/serial_sensor_ros2/lib/python3.10/site-packages:${PYTHONPATH} /usr/bin/python3 -W ignore:setup.py install is deprecated -W ignore:easy_install command is deprecated setup.py egg_info --egg-base ../build/serial_sensor_ros2 build --build-base /home/asd/temp_git_repo/Mobile_Arduino_Serial_sensor_ros2_wraper/build/serial_sensor_ros2/build install --record /home/asd/temp_git_repo/Mobile_Arduino_Serial_sensor_ros2_wraper/build/serial_sensor_ros2/install.log --single-version-externally-managed install_data
[2.142s] running egg_info
[2.143s] creating ../build/serial_sensor_ros2/serial_sensor_ros2.egg-info
[2.143s] writing ../build/serial_sensor_ros2/serial_sensor_ros2.egg-info/PKG-INFO
[2.143s] writing dependency_links to ../build/serial_sensor_ros2/serial_sensor_ros2.egg-info/dependency_links.txt
[2.143s] writing entry points to ../build/serial_sensor_ros2/serial_sensor_ros2.egg-info/entry_points.txt
[2.144s] writing requirements to ../build/serial_sensor_ros2/serial_sensor_ros2.egg-info/requires.txt
[2.144s] writing top-level names to ../build/serial_sensor_ros2/serial_sensor_ros2.egg-info/top_level.txt
[2.144s] writing manifest file '../build/serial_sensor_ros2/serial_sensor_ros2.egg-info/SOURCES.txt'
[2.147s] reading manifest file '../build/serial_sensor_ros2/serial_sensor_ros2.egg-info/SOURCES.txt'
[2.149s] writing manifest file '../build/serial_sensor_ros2/serial_sensor_ros2.egg-info/SOURCES.txt'
[2.149s] running build
[2.149s] running build_py
[2.149s] creating /home/asd/temp_git_repo/Mobile_Arduino_Serial_sensor_ros2_wraper/build/serial_sensor_ros2/build
[2.149s] creating /home/asd/temp_git_repo/Mobile_Arduino_Serial_sensor_ros2_wraper/build/serial_sensor_ros2/build/lib
[2.150s] creating /home/asd/temp_git_repo/Mobile_Arduino_Serial_sensor_ros2_wraper/build/serial_sensor_ros2/build/lib/serial_sensor_ros2
[2.150s] copying serial_sensor_ros2/serial_sensor_udp.py -> /home/asd/temp_git_repo/Mobile_Arduino_Serial_sensor_ros2_wraper/build/serial_sensor_ros2/build/lib/serial_sensor_ros2
[2.150s] copying serial_sensor_ros2/__init__.py -> /home/asd/temp_git_repo/Mobile_Arduino_Serial_sensor_ros2_wraper/build/serial_sensor_ros2/build/lib/serial_sensor_ros2
[2.150s] running install
[2.150s] running install_lib
[2.151s] creating /home/asd/temp_git_repo/Mobile_Arduino_Serial_sensor_ros2_wraper/install/serial_sensor_ros2/lib/python3.10/site-packages/serial_sensor_ros2
[2.151s] copying /home/asd/temp_git_repo/Mobile_Arduino_Serial_sensor_ros2_wraper/build/serial_sensor_ros2/build/lib/serial_sensor_ros2/serial_sensor_udp.py -> /home/asd/temp_git_repo/Mobile_Arduino_Serial_sensor_ros2_wraper/install/serial_sensor_ros2/lib/python3.10/site-packages/serial_sensor_ros2
[2.152s] copying /home/asd/temp_git_repo/Mobile_Arduino_Serial_sensor_ros2_wraper/build/serial_sensor_ros2/build/lib/serial_sensor_ros2/__init__.py -> /home/asd/temp_git_repo/Mobile_Arduino_Serial_sensor_ros2_wraper/install/serial_sensor_ros2/lib/python3.10/site-packages/serial_sensor_ros2
[2.152s] byte-compiling /home/asd/temp_git_repo/Mobile_Arduino_Serial_sensor_ros2_wraper/install/serial_sensor_ros2/lib/python3.10/site-packages/serial_sensor_ros2/serial_sensor_udp.py to serial_sensor_udp.cpython-310.pyc
[2.154s] byte-compiling /home/asd/temp_git_repo/Mobile_Arduino_Serial_sensor_ros2_wraper/install/serial_sensor_ros2/lib/python3.10/site-packages/serial_sensor_ros2/__init__.py to __init__.cpython-310.pyc
[2.154s] running install_data
[2.154s] creating /home/asd/temp_git_repo/Mobile_Arduino_Serial_sensor_ros2_wraper/install/serial_sensor_ros2/share/ament_index
[2.155s] creating /home/asd/temp_git_repo/Mobile_Arduino_Serial_sensor_ros2_wraper/install/serial_sensor_ros2/share/ament_index/resource_index
[2.155s] creating /home/asd/temp_git_repo/Mobile_Arduino_Serial_sensor_ros2_wraper/install/serial_sensor_ros2/share/ament_index/resource_index/packages
[2.155s] copying resource/serial_sensor_ros2 -> /home/asd/temp_git_repo/Mobile_Arduino_Serial_sensor_ros2_wraper/install/serial_sensor_ros2/share/ament_index/resource_index/packages
[2.155s] copying package.xml -> /home/asd/temp_git_repo/Mobile_Arduino_Serial_sensor_ros2_wraper/install/serial_sensor_ros2/share/serial_sensor_ros2
[2.155s] running install_egg_info
[2.158s] Copying ../build/serial_sensor_ros2/serial_sensor_ros2.egg-info to /home/asd/temp_git_repo/Mobile_Arduino_Serial_sensor_ros2_wraper/install/serial_sensor_ros2/lib/python3.10/site-packages/serial_sensor_ros2-0.0.0-py3.10.egg-info
[2.159s] running install_scripts
[2.194s] writing list of installed files to '/home/asd/temp_git_repo/Mobile_Arduino_Serial_sensor_ros2_wraper/build/serial_sensor_ros2/install.log'
[2.235s] Invoked command in '/home/asd/temp_git_repo/Mobile_Arduino_Serial_sensor_ros2_wraper/serial_sensor_ros2' returned '0': PYTHONPATH=/home/asd/temp_git_repo/Mobile_Arduino_Serial_sensor_ros2_wraper/build/serial_sensor_ros2/prefix_override:/usr/lib/python3/dist-packages/colcon_core/task/python/colcon_distutils_commands:/home/asd/temp_git_repo/Mobile_Arduino_Serial_sensor_ros2_wraper/install/serial_sensor_ros2/lib/python3.10/site-packages:${PYTHONPATH} /usr/bin/python3 -W ignore:setup.py install is deprecated -W ignore:easy_install command is deprecated setup.py egg_info --egg-base ../build/serial_sensor_ros2 build --build-base /home/asd/temp_git_repo/Mobile_Arduino_Serial_sensor_ros2_wraper/build/serial_sensor_ros2/build install --record /home/asd/temp_git_repo/Mobile_Arduino_Serial_sensor_ros2_wraper/build/serial_sensor_ros2/install.log --single-version-externally-managed install_data
